[debug] [2025-10-16T19:05:48.652Z] ----------------------------------------------------------------------
[debug] [2025-10-16T19:05:48.654Z] Command:       C:\Program Files\nodejs\node.exe C:\Users\momen\AppData\Roaming\npm\node_modules\firebase-tools\lib\bin\firebase.js init
[debug] [2025-10-16T19:05:48.654Z] CLI Version:   14.20.0
[debug] [2025-10-16T19:05:48.654Z] Platform:      win32
[debug] [2025-10-16T19:05:48.655Z] Node Version:  v22.17.1
[debug] [2025-10-16T19:05:48.655Z] Time:          Thu Oct 16 2025 22:05:48 GMT+0300 (Eastern European Summer Time)
[debug] [2025-10-16T19:05:48.655Z] ----------------------------------------------------------------------
[debug] 
[info] 
     ######## #### ########  ######## ########     ###     ######  ########
     ##        ##  ##     ## ##       ##     ##  ##   ##  ##       ##
     ######    ##  ########  ######   ########  #########  ######  ######
     ##        ##  ##    ##  ##       ##     ## ##     ##       ## ##
     ##       #### ##     ## ######## ########  ##     ##  ######  ########

You're about to initialize a Firebase project in this directory:

  D:\المخروبة 4\el-mok-store

[info] 
=== Project Setup
[info] 
[info] First, let's associate this project directory with a Firebase project.
[info] You can create multiple project aliases by running firebase use --add, 
[info] 
[debug] [2025-10-16T19:09:09.182Z] > command requires scopes: ["email","openid","https://www.googleapis.com/auth/cloudplatformprojects.readonly","https://www.googleapis.com/auth/firebase","https://www.googleapis.com/auth/cloud-platform"]
[debug] [2025-10-16T19:09:09.182Z] > authorizing via signed-in user (momenbondk52@gmail.com)
[debug] [2025-10-16T19:09:09.183Z] Checked if tokens are valid: true, expires at: 1760645063480
[debug] [2025-10-16T19:09:09.183Z] Checked if tokens are valid: true, expires at: 1760645063480
[debug] [2025-10-16T19:09:09.184Z] >>> [apiv2][query] GET https://firebase.googleapis.com/v1beta1/projects pageSize=100
[debug] [2025-10-16T19:09:09.974Z] <<< [apiv2][status] GET https://firebase.googleapis.com/v1beta1/projects 200
[debug] [2025-10-16T19:09:09.975Z] <<< [apiv2][body] GET https://firebase.googleapis.com/v1beta1/projects [omitted]
[info] 
=== Dataconnect Setup
[debug] [2025-10-16T19:11:39.913Z] Checked if tokens are valid: true, expires at: 1760645063480
[debug] [2025-10-16T19:11:39.913Z] Checked if tokens are valid: true, expires at: 1760645063480
[debug] [2025-10-16T19:11:39.913Z] >>> [apiv2][query] GET https://cloudbilling.googleapis.com/v1/projects/el-mok-store/billingInfo [none]
[debug] [2025-10-16T19:11:40.646Z] <<< [apiv2][status] GET https://cloudbilling.googleapis.com/v1/projects/el-mok-store/billingInfo 200
[debug] [2025-10-16T19:11:40.646Z] <<< [apiv2][body] GET https://cloudbilling.googleapis.com/v1/projects/el-mok-store/billingInfo {"name":"projects/el-mok-store/billingInfo","projectId":"el-mok-store","billingAccountName":"","billingEnabled":false}
[info] i  dataconnect: ensuring required API firebasedataconnect.googleapis.com is enabled... 
[debug] [2025-10-16T19:11:40.647Z] Checked if tokens are valid: true, expires at: 1760645063480
[debug] [2025-10-16T19:11:40.647Z] Checked if tokens are valid: true, expires at: 1760645063480
[info] i  dataconnect: ensuring required API sqladmin.googleapis.com is enabled... 
[debug] [2025-10-16T19:11:40.648Z] Checked if tokens are valid: true, expires at: 1760645063480
[debug] [2025-10-16T19:11:40.648Z] Checked if tokens are valid: true, expires at: 1760645063480
[debug] [2025-10-16T19:11:40.648Z] >>> [apiv2][query] GET https://serviceusage.googleapis.com/v1/projects/el-mok-store/services/firebasedataconnect.googleapis.com [none]
[debug] [2025-10-16T19:11:40.648Z] >>> [apiv2][(partial)header] GET https://serviceusage.googleapis.com/v1/projects/el-mok-store/services/firebasedataconnect.googleapis.com x-goog-quota-user=projects/el-mok-store
[debug] [2025-10-16T19:11:40.649Z] >>> [apiv2][query] GET https://serviceusage.googleapis.com/v1/projects/el-mok-store/services/sqladmin.googleapis.com [none]
[debug] [2025-10-16T19:11:40.649Z] >>> [apiv2][(partial)header] GET https://serviceusage.googleapis.com/v1/projects/el-mok-store/services/sqladmin.googleapis.com x-goog-quota-user=projects/el-mok-store
[debug] [2025-10-16T19:11:41.908Z] <<< [apiv2][status] GET https://serviceusage.googleapis.com/v1/projects/el-mok-store/services/sqladmin.googleapis.com 200
[debug] [2025-10-16T19:11:41.909Z] <<< [apiv2][body] GET https://serviceusage.googleapis.com/v1/projects/el-mok-store/services/sqladmin.googleapis.com [omitted]
[warn] !  dataconnect: missing required API sqladmin.googleapis.com. Enabling now... 
[debug] [2025-10-16T19:11:41.909Z] Checked if tokens are valid: true, expires at: 1760645063480
[debug] [2025-10-16T19:11:41.909Z] Checked if tokens are valid: true, expires at: 1760645063480
[debug] [2025-10-16T19:11:41.910Z] >>> [apiv2][query] POST https://serviceusage.googleapis.com/v1/projects/el-mok-store/services/sqladmin.googleapis.com:enable [none]
[debug] [2025-10-16T19:11:41.910Z] >>> [apiv2][(partial)header] POST https://serviceusage.googleapis.com/v1/projects/el-mok-store/services/sqladmin.googleapis.com:enable x-goog-quota-user=projects/el-mok-store
[debug] [2025-10-16T19:11:42.007Z] <<< [apiv2][status] GET https://serviceusage.googleapis.com/v1/projects/el-mok-store/services/firebasedataconnect.googleapis.com 200
[debug] [2025-10-16T19:11:42.007Z] <<< [apiv2][body] GET https://serviceusage.googleapis.com/v1/projects/el-mok-store/services/firebasedataconnect.googleapis.com [omitted]
[warn] !  dataconnect: missing required API firebasedataconnect.googleapis.com. Enabling now... 
[debug] [2025-10-16T19:11:42.008Z] Checked if tokens are valid: true, expires at: 1760645063480
[debug] [2025-10-16T19:11:42.008Z] Checked if tokens are valid: true, expires at: 1760645063480
[debug] [2025-10-16T19:11:42.008Z] >>> [apiv2][query] POST https://serviceusage.googleapis.com/v1/projects/el-mok-store/services/firebasedataconnect.googleapis.com:enable [none]
[debug] [2025-10-16T19:11:42.008Z] >>> [apiv2][(partial)header] POST https://serviceusage.googleapis.com/v1/projects/el-mok-store/services/firebasedataconnect.googleapis.com:enable x-goog-quota-user=projects/el-mok-store
[debug] [2025-10-16T19:11:43.211Z] <<< [apiv2][status] POST https://serviceusage.googleapis.com/v1/projects/el-mok-store/services/sqladmin.googleapis.com:enable 200
[debug] [2025-10-16T19:11:43.211Z] <<< [apiv2][body] POST https://serviceusage.googleapis.com/v1/projects/el-mok-store/services/sqladmin.googleapis.com:enable [omitted]
[debug] [2025-10-16T19:11:43.495Z] <<< [apiv2][status] POST https://serviceusage.googleapis.com/v1/projects/el-mok-store/services/firebasedataconnect.googleapis.com:enable 200
[debug] [2025-10-16T19:11:43.496Z] <<< [apiv2][body] POST https://serviceusage.googleapis.com/v1/projects/el-mok-store/services/firebasedataconnect.googleapis.com:enable [omitted]
[debug] [2025-10-16T19:11:53.508Z] Checked if tokens are valid: true, expires at: 1760645063480
[debug] [2025-10-16T19:11:53.508Z] Checked if tokens are valid: true, expires at: 1760645063480
[debug] [2025-10-16T19:11:53.508Z] >>> [apiv2][query] GET https://firebasedataconnect.googleapis.com/v1/projects/el-mok-store/locations/-/services [none]
[debug] [2025-10-16T19:11:55.112Z] <<< [apiv2][status] GET https://firebasedataconnect.googleapis.com/v1/projects/el-mok-store/locations/-/services 200
[debug] [2025-10-16T19:11:55.112Z] <<< [apiv2][body] GET https://firebasedataconnect.googleapis.com/v1/projects/el-mok-store/locations/-/services {}
[info] i  : ensuring required API cloudaicompanion.googleapis.com is enabled... 
[debug] [2025-10-16T19:12:06.856Z] Checked if tokens are valid: true, expires at: 1760645063480
[debug] [2025-10-16T19:12:06.856Z] Checked if tokens are valid: true, expires at: 1760645063480
[debug] [2025-10-16T19:12:06.857Z] >>> [apiv2][query] GET https://serviceusage.googleapis.com/v1/projects/el-mok-store/services/cloudaicompanion.googleapis.com [none]
[debug] [2025-10-16T19:12:06.857Z] >>> [apiv2][(partial)header] GET https://serviceusage.googleapis.com/v1/projects/el-mok-store/services/cloudaicompanion.googleapis.com x-goog-quota-user=projects/el-mok-store
[debug] [2025-10-16T19:12:08.107Z] <<< [apiv2][status] GET https://serviceusage.googleapis.com/v1/projects/el-mok-store/services/cloudaicompanion.googleapis.com 200
[debug] [2025-10-16T19:12:08.107Z] <<< [apiv2][body] GET https://serviceusage.googleapis.com/v1/projects/el-mok-store/services/cloudaicompanion.googleapis.com [omitted]
[info] +  : required API cloudaicompanion.googleapis.com is enabled 
